Determining if the pthread_create exist failed with the following output:
Change Dir: /home/user/catkin_ws/build/CMakeFiles/CMakeTmp

Run Build Command:"/usr/bin/make" "cmTC_c1a57/fast"
/usr/bin/make -f CMakeFiles/cmTC_c1a57.dir/build.make CMakeFiles/cmTC_c1a57.dir/build
make[1] : on entre dans le répertoire « /home/user/catkin_ws/build/CMakeFiles/CMakeTmp »
Building C object CMakeFiles/cmTC_c1a57.dir/CheckSymbolExists.c.o
/usr/bin/cc    -o CMakeFiles/cmTC_c1a57.dir/CheckSymbolExists.c.o   -c /home/user/catkin_ws/build/CMakeFiles/CMakeTmp/CheckSymbolExists.c
Linking C executable cmTC_c1a57
/usr/bin/cmake -E cmake_link_script CMakeFiles/cmTC_c1a57.dir/link.txt --verbose=1
/usr/bin/cc      -rdynamic CMakeFiles/cmTC_c1a57.dir/CheckSymbolExists.c.o  -o cmTC_c1a57 
CMakeFiles/cmTC_c1a57.dir/CheckSymbolExists.c.o : Dans la fonction « main » :
CheckSymbolExists.c:(.text+0x1b) : référence indéfinie vers « pthread_create »
collect2: error: ld returned 1 exit status
CMakeFiles/cmTC_c1a57.dir/build.make:97: recipe for target 'cmTC_c1a57' failed
make[1]: *** [cmTC_c1a57] Error 1
make[1] : on quitte le répertoire « /home/user/catkin_ws/build/CMakeFiles/CMakeTmp »
Makefile:126: recipe for target 'cmTC_c1a57/fast' failed
make: *** [cmTC_c1a57/fast] Error 2

File /home/user/catkin_ws/build/CMakeFiles/CMakeTmp/CheckSymbolExists.c:
/* */
#include <pthread.h>

int main(int argc, char** argv)
{
  (void)argv;
#ifndef pthread_create
  return ((int*)(&pthread_create))[argc];
#else
  (void)argc;
  return 0;
#endif
}

Determining if the function pthread_create exists in the pthreads failed with the following output:
Change Dir: /home/user/catkin_ws/build/CMakeFiles/CMakeTmp

Run Build Command:"/usr/bin/make" "cmTC_76e45/fast"
/usr/bin/make -f CMakeFiles/cmTC_76e45.dir/build.make CMakeFiles/cmTC_76e45.dir/build
make[1] : on entre dans le répertoire « /home/user/catkin_ws/build/CMakeFiles/CMakeTmp »
Building C object CMakeFiles/cmTC_76e45.dir/CheckFunctionExists.c.o
/usr/bin/cc   -DCHECK_FUNCTION_EXISTS=pthread_create   -o CMakeFiles/cmTC_76e45.dir/CheckFunctionExists.c.o   -c /usr/share/cmake-3.10/Modules/CheckFunctionExists.c
Linking C executable cmTC_76e45
/usr/bin/cmake -E cmake_link_script CMakeFiles/cmTC_76e45.dir/link.txt --verbose=1
/usr/bin/cc  -DCHECK_FUNCTION_EXISTS=pthread_create    -rdynamic CMakeFiles/cmTC_76e45.dir/CheckFunctionExists.c.o  -o cmTC_76e45 -lpthreads 
/usr/bin/ld : ne peut trouver -lpthreads
collect2: error: ld returned 1 exit status
CMakeFiles/cmTC_76e45.dir/build.make:97: recipe for target 'cmTC_76e45' failed
make[1]: *** [cmTC_76e45] Error 1
make[1] : on quitte le répertoire « /home/user/catkin_ws/build/CMakeFiles/CMakeTmp »
Makefile:126: recipe for target 'cmTC_76e45/fast' failed
make: *** [cmTC_76e45/fast] Error 2


