Determining if the pthread_create exist failed with the following output:
Change Dir: /home/user/Bureau/tp_student_bot/tp_bot/build/CMakeFiles/CMakeTmp

Run Build Command:"/usr/bin/make" "cmTC_26ec5/fast"
/usr/bin/make -f CMakeFiles/cmTC_26ec5.dir/build.make CMakeFiles/cmTC_26ec5.dir/build
make[1] : on entre dans le répertoire « /home/user/Bureau/tp_student_bot/tp_bot/build/CMakeFiles/CMakeTmp »
Building C object CMakeFiles/cmTC_26ec5.dir/CheckSymbolExists.c.o
/usr/bin/cc    -o CMakeFiles/cmTC_26ec5.dir/CheckSymbolExists.c.o   -c /home/user/Bureau/tp_student_bot/tp_bot/build/CMakeFiles/CMakeTmp/CheckSymbolExists.c
Linking C executable cmTC_26ec5
/usr/bin/cmake -E cmake_link_script CMakeFiles/cmTC_26ec5.dir/link.txt --verbose=1
/usr/bin/cc      -rdynamic CMakeFiles/cmTC_26ec5.dir/CheckSymbolExists.c.o  -o cmTC_26ec5 
CMakeFiles/cmTC_26ec5.dir/CheckSymbolExists.c.o : Dans la fonction « main » :
CheckSymbolExists.c:(.text+0x1b) : référence indéfinie vers « pthread_create »
collect2: error: ld returned 1 exit status
CMakeFiles/cmTC_26ec5.dir/build.make:97: recipe for target 'cmTC_26ec5' failed
make[1]: *** [cmTC_26ec5] Error 1
make[1] : on quitte le répertoire « /home/user/Bureau/tp_student_bot/tp_bot/build/CMakeFiles/CMakeTmp »
Makefile:126: recipe for target 'cmTC_26ec5/fast' failed
make: *** [cmTC_26ec5/fast] Error 2

File /home/user/Bureau/tp_student_bot/tp_bot/build/CMakeFiles/CMakeTmp/CheckSymbolExists.c:
/* */
#include <pthread.h>

int main(int argc, char** argv)
{
  (void)argv;
#ifndef pthread_create
  return ((int*)(&pthread_create))[argc];
#else
  (void)argc;
  return 0;
#endif
}

Determining if the function pthread_create exists in the pthreads failed with the following output:
Change Dir: /home/user/Bureau/tp_student_bot/tp_bot/build/CMakeFiles/CMakeTmp

Run Build Command:"/usr/bin/make" "cmTC_3edf4/fast"
/usr/bin/make -f CMakeFiles/cmTC_3edf4.dir/build.make CMakeFiles/cmTC_3edf4.dir/build
make[1] : on entre dans le répertoire « /home/user/Bureau/tp_student_bot/tp_bot/build/CMakeFiles/CMakeTmp »
Building C object CMakeFiles/cmTC_3edf4.dir/CheckFunctionExists.c.o
/usr/bin/cc   -DCHECK_FUNCTION_EXISTS=pthread_create   -o CMakeFiles/cmTC_3edf4.dir/CheckFunctionExists.c.o   -c /usr/share/cmake-3.10/Modules/CheckFunctionExists.c
Linking C executable cmTC_3edf4
/usr/bin/cmake -E cmake_link_script CMakeFiles/cmTC_3edf4.dir/link.txt --verbose=1
/usr/bin/cc  -DCHECK_FUNCTION_EXISTS=pthread_create    -rdynamic CMakeFiles/cmTC_3edf4.dir/CheckFunctionExists.c.o  -o cmTC_3edf4 -lpthreads 
/usr/bin/ld : ne peut trouver -lpthreads
collect2: error: ld returned 1 exit status
CMakeFiles/cmTC_3edf4.dir/build.make:97: recipe for target 'cmTC_3edf4' failed
make[1]: *** [cmTC_3edf4] Error 1
make[1] : on quitte le répertoire « /home/user/Bureau/tp_student_bot/tp_bot/build/CMakeFiles/CMakeTmp »
Makefile:126: recipe for target 'cmTC_3edf4/fast' failed
make: *** [cmTC_3edf4/fast] Error 2


